<?xml version="1.0" encoding="UTF-8"?>
<!-- Generated by org.testng.reporters.JUnitReportReporter -->
<testsuite skipped="0" hostname="Diego" name="Pruebas.Laboratorio04_E1" tests="6" failures="0" timestamp="2022-07-14T15:57:17 PYT" time="23.077" errors="0">
  <testcase name="login" time="4.001" classname="Pruebas.Laboratorio04_E1"/>
  <system-out/>
  <testcase name="login" time="3.828" classname="Pruebas.Laboratorio04_E1"/>
  <system-out/>
  <testcase name="login" time="3.291" classname="Pruebas.Laboratorio04_E1"/>
  <system-out/>
  <testcase name="login" time="4.716" classname="Pruebas.Laboratorio04_E1"/>
  <system-out/>
  <testcase name="login" time="3.625" classname="Pruebas.Laboratorio04_E1"/>
  <system-out/>
  <testcase name="login" time="3.616" classname="Pruebas.Laboratorio04_E1"/>
  <system-out/>
</testsuite> <!-- Pruebas.Laboratorio04_E1 -->
